<?xml version="1.0" encoding="UTF-8"?>
<!-- Generated by org.testng.reporters.JUnitReportReporter -->
<testsuite hostname="DESKTOP-I7U672O" failures="0" tests="2" name="practicePackageForTestNG.TestNGsampleTest_3" time="0.015" errors="0" timestamp="2023-01-10T23:15:41 IST" skipped="0">
  <testcase classname="practicePackageForTestNG.TestNGsampleTest_3" name="test3" time="0.008"/>
  <system-out/>
  <testcase classname="practicePackageForTestNG.TestNGsampleTest_3" name="test3" time="0.007"/>
  <system-out/>
</testsuite> <!-- practicePackageForTestNG.TestNGsampleTest_3 -->
