<?xml version="1.0" encoding="UTF-8"?>
<!-- Generated by org.testng.reporters.JUnitReportReporter -->
<testsuite hostname="DESKTOP-I7U672O" failures="0" tests="3" name="practicePackageForTestNG.Annotation_Practice" time="0.072" errors="0" timestamp="2023-01-09T14:10:37 IST" skipped="0">
  <testcase classname="practicePackageForTestNG.Annotation_Practice" name="createOrganization" time="0.017"/>
  <system-out/>
  <testcase classname="practicePackageForTestNG.Annotation_Practice" name="createOrganization" time="0.041"/>
  <system-out/>
  <testcase classname="practicePackageForTestNG.Annotation_Practice" name="createContact" time="0.014"/>
  <system-out/>
</testsuite> <!-- practicePackageForTestNG.Annotation_Practice -->
