<?xml version="1.0" encoding="UTF-8"?>
<!-- Generated by org.testng.reporters.JUnitReportReporter -->
<testsuite hostname="DESKTOP-I7U672O" failures="0" tests="1" name="TestNgTestScript.CreateOrganizationTest" time="14.994" errors="0" timestamp="2023-01-12T16:58:03 IST" skipped="0">
  <testcase classname="TestNgTestScript.CreateOrganizationTest" name="createOrganization" time="14.994"/>
  <system-out>
    <![CDATA[createOrganization-----> Testscript execution started
createOrganization----->Testscript execution successful]]>
  </system-out>
</testsuite> <!-- TestNgTestScript.CreateOrganizationTest -->
