<?xml version="1.0" encoding="UTF-8"?>
<!-- Generated by org.testng.reporters.JUnitReportReporter -->
<testsuite hostname="DESKTOP-I7U672O" failures="0" tests="1" name="TestNgTestScript.Crm_setting_currencies_test" time="22.645" errors="0" timestamp="2023-01-12T16:58:04 IST" skipped="0">
  <testcase classname="TestNgTestScript.Crm_setting_currencies_test" name="crmSettingCurrencies" time="22.645"/>
  <system-out>
    <![CDATA[crmSettingCurrencies-----> Testscript execution started
crmSettingCurrencies----->Testscript execution successful]]>
  </system-out>
</testsuite> <!-- TestNgTestScript.Crm_setting_currencies_test -->
