<?xml version="1.0" encoding="UTF-8"?>
<!-- Generated by org.testng.reporters.JUnitReportReporter -->
<testsuite hostname="DESKTOP-I7U672O" failures="0" tests="1" name="TestNgTestScript.CreateFaqWithProductAndValidateOnHomePage" time="41.749" errors="0" timestamp="2023-01-10T09:42:53 IST" skipped="0">
  <testcase classname="TestNgTestScript.CreateFaqWithProductAndValidateOnHomePage" name="createFaqandValidateOnHomePage" time="41.749"/>
  <system-out/>
</testsuite> <!-- TestNgTestScript.CreateFaqWithProductAndValidateOnHomePage -->
