<?xml version="1.0" encoding="UTF-8"?>
<!-- Generated by org.testng.reporters.JUnitReportReporter -->
<testsuite hostname="DESKTOP-I7U672O" failures="0" tests="5" name="practicePackageForTestNG.SampleTest" time="0.070" errors="0" timestamp="2023-01-06T15:11:21 IST" skipped="0">
  <testcase classname="practicePackageForTestNG.SampleTest" name="delete" time="0.033"/>
  <system-out>
    <![CDATA[deleted]]>
  </system-out>
  <testcase classname="practicePackageForTestNG.SampleTest" name="delete" time="0.012"/>
  <system-out>
    <![CDATA[deleted]]>
  </system-out>
  <testcase classname="practicePackageForTestNG.SampleTest" name="create" time="0.010"/>
  <system-out/>
  <testcase classname="practicePackageForTestNG.SampleTest" name="modify" time="0.006"/>
  <system-out/>
  <testcase classname="practicePackageForTestNG.SampleTest" name="update" time="0.009"/>
  <system-out/>
</testsuite> <!-- practicePackageForTestNG.SampleTest -->
