<?xml version="1.0" encoding="UTF-8"?>
<!-- Generated by org.testng.reporters.JUnitReportReporter -->
<testsuite hostname="DESKTOP-I7U672O" failures="0" tests="1" name="TestNgTestScript.Product_vendor_Test" time="39.049" errors="0" timestamp="2023-01-12T16:58:04 IST" skipped="0">
  <testcase classname="TestNgTestScript.Product_vendor_Test" name="createVendorandProduct" time="39.049"/>
  <system-out>
    <![CDATA[createVendorandProduct-----> Testscript execution started
createVendorandProduct----->Testscript execution successful]]>
  </system-out>
</testsuite> <!-- TestNgTestScript.Product_vendor_Test -->
