<?xml version="1.0" encoding="UTF-8"?>
<!-- Generated by org.testng.reporters.JUnitReportReporter -->
<testsuite hostname="DESKTOP-I7U672O" failures="0" tests="2" name="practicePackageForTestNG.DataProviderDemo" time="0.059" errors="0" timestamp="2023-01-06T17:35:49 IST" skipped="0">
  <testcase classname="practicePackageForTestNG.DataProviderDemo" name="travel" time="0.046"/>
  <system-out/>
  <testcase classname="practicePackageForTestNG.DataProviderDemo" name="travel" time="0.013"/>
  <system-out/>
</testsuite> <!-- practicePackageForTestNG.DataProviderDemo -->
