<?xml version="1.0" encoding="UTF-8"?>
<!-- Generated by org.testng.reporters.JUnitReportReporter -->
<testsuite hostname="DESKTOP-I7U672O" failures="0" tests="1" name="practicePackageForTestNG.Demodataprovider" time="0.000" errors="0" timestamp="2023-01-09T12:32:05 IST" skipped="1">
  <testcase classname="practicePackageForTestNG.Demodataprovider" name="readData" time="0.000">
    <skipped/>
  </testcase> <!-- readData -->
  <system-out/>
</testsuite> <!-- practicePackageForTestNG.Demodataprovider -->
