<?xml version="1.0" encoding="UTF-8"?>
<!-- Generated by org.testng.reporters.JUnitReportReporter -->
<testsuite hostname="DESKTOP-I7U672O" failures="0" tests="2" name="practicePackageForTestNG.TestNGsampleTest_1" time="0.011" errors="0" timestamp="2023-01-10T23:15:41 IST" skipped="0">
  <testcase classname="practicePackageForTestNG.TestNGsampleTest_1" name="test1" time="0.006"/>
  <system-out/>
  <testcase classname="practicePackageForTestNG.TestNGsampleTest_1" name="test1" time="0.005"/>
  <system-out/>
</testsuite> <!-- practicePackageForTestNG.TestNGsampleTest_1 -->
